[INFO] found 63292, examples in the training set...
[INFO] 63292,63292
[INFO] found 7911, examples in the validation set...
[INFO] 7911,7911
Initializing ResNetUNet with 18 classes...
[INFO] training the network...
Train Class IOU [8.3726114e-01 0.0000000e+00 0.0000000e+00 9.4802424e-02 1.3011220e-01
 5.4652613e-02 1.4061582e-01 2.1268418e-01 2.4946001e-03 1.1556438e-02
 9.3284421e-02 1.7380856e-01 3.3149328e-02 9.1462053e-02 1.8627188e-01
 1.0902456e-02 5.1958585e-04 3.6537811e-01]
Train Mean Class IOU:0.1354975402355194
Val Class IOU [0.88496566        nan 0.         0.19329311 0.2409071  0.16068527
 0.27678534 0.33569568 0.02756959 0.08195379 0.19106796 0.2972592
 0.16597915 0.17461692 0.27984834 0.02946982 0.         0.46946558]
Val Mean Class IOU:nan
[INFO] EPOCH: 1/100
Train loss: 0.525187, Val loss: 0.3825 Train Acc: 0.798072, Val Acc: 0.8315
Train Class IOU [8.9281005e-01 0.0000000e+00 2.8142106e-04 2.6433158e-01 2.4456266e-01
 2.0128386e-01 2.9007378e-01 3.6319178e-01 1.4233261e-01 1.3407297e-01
 2.4219736e-01 3.1385881e-01 1.8976924e-01 2.2578892e-01 2.8768733e-01
 1.7652941e-01 0.0000000e+00 4.8987782e-01]
Train Mean Class IOU:0.24770276248455048
Val Class IOU [0.9000334         nan 0.00305289 0.32172197 0.23055051 0.21664183
 0.3402353  0.39349738 0.20931123 0.15752302 0.28968662 0.34553698
 0.17708758 0.26818478 0.29268894 0.3094525  0.         0.51323175]
Val Mean Class IOU:nan
[INFO] EPOCH: 2/100
Train loss: 0.348177, Val loss: 0.3245 Train Acc: 0.841636, Val Acc: 0.8477
Train Class IOU [0.90275884 0.         0.06270791 0.32023925 0.2804021  0.24187715
 0.32821563 0.40274963 0.21815073 0.18798158 0.28836054 0.35221374
 0.22448583 0.2650539  0.3201722  0.29029834 0.         0.54117846]
Train Mean Class IOU:0.2903803288936615
Val Class IOU [0.9048807         nan 0.11349761 0.33315298 0.29726943 0.25268647
 0.36573663 0.41013005 0.23473455 0.18997522 0.30148637 0.3643455
 0.21715884 0.28822848 0.3118357  0.31688657 0.         0.5281224 ]
Val Mean Class IOU:nan
[INFO] EPOCH: 3/100
Train loss: 0.299503, Val loss: 0.3028 Train Acc: 0.855367, Val Acc: 0.8530
Train Class IOU [0.9085107  0.         0.15511096 0.34764022 0.30804887 0.26725483
 0.35369223 0.42590222 0.24513978 0.23542492 0.31084698 0.37498817
 0.24473871 0.28590038 0.3436906  0.3235041  0.         0.5819844 ]
Train Mean Class IOU:0.31735432147979736
Val Class IOU [0.9082247         nan 0.16411713 0.3567444  0.27915716 0.27314013
 0.36595345 0.4133408  0.2632137  0.19662276 0.30652785 0.3747399
 0.23431812 0.28622222 0.3430868  0.33196163 0.         0.55108577]
Val Mean Class IOU:nan
[INFO] EPOCH: 4/100
Train loss: 0.269249, Val loss: 0.2857 Train Acc: 0.864059, Val Acc: 0.8594
Train Class IOU [0.91322374 0.         0.20793574 0.3708819  0.32932013 0.291529
 0.37528965 0.44516248 0.27526867 0.2798323  0.33176646 0.395368
 0.26510516 0.30544537 0.36302432 0.34539792 0.00157414 0.6169664 ]
Train Mean Class IOU:0.33961617946624756
Val Class IOU [0.908105          nan 0.1821511  0.37150493 0.31598204 0.2712164
 0.37862244 0.43119353 0.25426286 0.21059357 0.32318616 0.3819422
 0.22127901 0.31205025 0.3217964  0.35119626 0.00934074 0.5632939 ]
Val Mean Class IOU:nan
[INFO] EPOCH: 5/100
Train loss: 0.245587, Val loss: 0.2754 Train Acc: 0.871452, Val Acc: 0.8633
Train Class IOU [0.9167498  0.         0.25396946 0.39355385 0.348578   0.30969542
 0.39348212 0.46213874 0.3015739  0.31562677 0.3514921  0.41095608
 0.28665906 0.32256886 0.38249406 0.36794245 0.04706683 0.64211404]
Train Mean Class IOU:0.3614812195301056
Val Class IOU [0.9107551         nan 0.2053055  0.37975097 0.32374188 0.26572728
 0.38090378 0.4414759  0.2676006  0.20937291 0.3255803  0.39425984
 0.23842706 0.30255544 0.3678116  0.35646588 0.01353584 0.57231766]
Val Mean Class IOU:nan
[INFO] EPOCH: 6/100
Train loss: 0.226449, Val loss: 0.2701 Train Acc: 0.877390, Val Acc: 0.8656
Train Class IOU [0.9201828  0.         0.2908359  0.41331708 0.36784694 0.32919937
 0.41426137 0.47794995 0.3246863  0.34040797 0.37102228 0.42639816
 0.30586642 0.34012327 0.39928573 0.38375074 0.12935323 0.6636063 ]
Train Mean Class IOU:0.3832274377346039
Val Class IOU [0.9118369         nan 0.23282692 0.38237393 0.33266637 0.2788012
 0.39450875 0.4464247  0.26120254 0.23573439 0.32014036 0.39165968
 0.2512148  0.29533145 0.38110295 0.3494692  0.03290343 0.5765767 ]
Val Mean Class IOU:nan
[INFO] EPOCH: 7/100
Train loss: 0.210263, Val loss: 0.2633 Train Acc: 0.882754, Val Acc: 0.8675
Train Class IOU [0.9229632  0.         0.32277325 0.43179044 0.3871147  0.34890425
 0.4316208  0.4925413  0.34732574 0.36441588 0.39008534 0.4413747
 0.32474965 0.35682473 0.41546366 0.40239635 0.16927361 0.67985356]
Train Mean Class IOU:0.4016372859477997
Val Class IOU [0.91536164        nan 0.23990625 0.38881412 0.35644248 0.30699137
 0.4013018  0.45348358 0.2964563  0.21623626 0.3333908  0.40079054
 0.27391464 0.32910722 0.3816012  0.34702572 0.09583319 0.59055626]
Val Mean Class IOU:nan
[INFO] EPOCH: 8/100
Train loss: 0.196517, Val loss: 0.2581 Train Acc: 0.887435, Val Acc: 0.8694
Train Class IOU [0.9254889  0.         0.3633425  0.45276874 0.40683946 0.3701087
 0.44892558 0.5072642  0.36627102 0.38453674 0.40765882 0.45643395
 0.34462652 0.3741184  0.4324602  0.42504016 0.22909908 0.69432265]
Train Mean Class IOU:0.42162811756134033
Val Class IOU [0.91103464        nan 0.25145856 0.39511308 0.34806523 0.30490157
 0.40525973 0.45908678 0.29873836 0.23894593 0.33519527 0.41364467
 0.27821496 0.32392788 0.3731049  0.38834274 0.11534528 0.5650659 ]
Val Mean Class IOU:nan
[INFO] EPOCH: 9/100
Train loss: 0.184069, Val loss: 0.2582 Train Acc: 0.891882, Val Acc: 0.8705
Train Class IOU [0.9277356  0.         0.39004344 0.47150743 0.4256493  0.38931754
 0.46708587 0.5207253  0.3849137  0.40029058 0.4239822  0.46977103
 0.36407423 0.39097294 0.44796473 0.44416392 0.2497415  0.7049831 ]
Train Mean Class IOU:0.43738457560539246
Val Class IOU [0.9160478         nan 0.26377967 0.39059088 0.37341553 0.31551358
 0.41229025 0.4595759  0.3007998  0.2528419  0.33172327 0.41023293
 0.28149256 0.33418497 0.3883253  0.38432258 0.15060273 0.596687  ]
Val Mean Class IOU:nan
[INFO] EPOCH: 10/100
Train loss: 0.173040, Val loss: 0.2521 Train Acc: 0.895734, Val Acc: 0.8723
Train Class IOU [0.92983866 0.         0.41751707 0.48833773 0.44340488 0.4081844
 0.48212415 0.53401333 0.4011176  0.4196978  0.43914548 0.48496804
 0.3816879  0.4091204  0.46529323 0.46088985 0.28310135 0.7160687 ]
Train Mean Class IOU:0.4535839259624481
Val Class IOU [0.9170736         nan 0.28631753 0.41111705 0.35686398 0.32536632
 0.4204833  0.4623226  0.3032149  0.25133786 0.36098078 0.40049312
 0.27395764 0.359903   0.3603762  0.40428004 0.14820065 0.59360445]
Val Mean Class IOU:nan
[INFO] EPOCH: 11/100
Train loss: 0.163079, Val loss: 0.2513 Train Acc: 0.899493, Val Acc: 0.8739
Train Class IOU [0.9316323  0.         0.44084644 0.5056792  0.46042153 0.42556244
 0.49783343 0.54670787 0.41921705 0.43642455 0.4566586  0.49807337
 0.40070307 0.42423892 0.4795219  0.48268357 0.32349956 0.72552073]
Train Mean Class IOU:0.46973472833633423
Val Class IOU [0.91815877        nan 0.3041179  0.39826292 0.3816358  0.33000582
 0.42675054 0.45358443 0.31019223 0.25482583 0.36643878 0.41960043
 0.30651438 0.35000148 0.38762933 0.40203583 0.17931665 0.5980367 ]
Val Mean Class IOU:nan
[INFO] EPOCH: 12/100
Train loss: 0.153949, Val loss: 0.2495 Train Acc: 0.902945, Val Acc: 0.8754
Train Class IOU [0.9334811  0.         0.46133196 0.5222313  0.47904965 0.44248563
 0.5125352  0.5577547  0.43478537 0.44926998 0.46801606 0.51094455
 0.41981113 0.44261324 0.49530947 0.49758434 0.36183587 0.7334962 ]
Train Mean Class IOU:0.48458534479141235
Val Class IOU [0.9185023         nan 0.2905103  0.42949805 0.36047232 0.33680764
 0.4326408  0.46915814 0.3103091  0.2614013  0.36682945 0.41992792
 0.3172536  0.3580685  0.37954372 0.39462137 0.19784404 0.6000101 ]
Val Mean Class IOU:nan
[INFO] EPOCH: 13/100
Train loss: 0.145741, Val loss: 0.2499 Train Acc: 0.906147, Val Acc: 0.8762
Train Class IOU [0.9349206  0.         0.4782723  0.5382514  0.49543276 0.45837188
 0.52598417 0.5703017  0.44900388 0.4611417  0.4824369  0.5231066
 0.43515426 0.45864064 0.51036584 0.51334727 0.38138208 0.74079216]
Train Mean Class IOU:0.49760591983795166
Val Class IOU [0.9192004         nan 0.30369824 0.41801596 0.39522654 0.33641955
 0.4343131  0.47765508 0.31860366 0.2684961  0.35876814 0.42929342
 0.29832464 0.3464033  0.4145351  0.39863127 0.20997389 0.60566723]
Val Mean Class IOU:nan
[INFO] EPOCH: 14/100
Train loss: 0.138278, Val loss: 0.2491 Train Acc: 0.909031, Val Acc: 0.8776
Train Class IOU [0.9365275  0.         0.4986488  0.55265135 0.5115196  0.47687903
 0.5381321  0.5807104  0.46131274 0.47421405 0.49471897 0.5347027
 0.45222765 0.4755551  0.5245898  0.5302335  0.40529275 0.7482959 ]
Train Mean Class IOU:0.5109006762504578
Val Class IOU [0.9195484         nan 0.29430753 0.4293262  0.38309842 0.34639454
 0.43737498 0.47585148 0.32775983 0.2602694  0.36734736 0.437989
 0.31904548 0.32277036 0.4136906  0.41600126 0.19215497 0.60987484]
Val Mean Class IOU:nan
[INFO] EPOCH: 15/100
Train loss: 0.131441, Val loss: 0.2475 Train Acc: 0.911911, Val Acc: 0.8777
Train Class IOU [0.9378757  0.         0.51377624 0.56542885 0.5258052  0.49043885
 0.5504642  0.5903383  0.4749387  0.48713228 0.5064484  0.5467799
 0.46923587 0.4920486  0.54017085 0.54656935 0.42613906 0.7543851 ]
Train Mean Class IOU:0.5232208371162415
Val Class IOU [0.9200425         nan 0.30086166 0.43579033 0.39018005 0.35502583
 0.44537696 0.47995335 0.3211399  0.27954167 0.37746593 0.4317364
 0.3199169  0.37040606 0.4117373  0.3914867  0.21922766 0.6090845 ]
Val Mean Class IOU:nan
[INFO] EPOCH: 16/100
Train loss: 0.125190, Val loss: 0.2496 Train Acc: 0.914528, Val Acc: 0.8767
Train Class IOU [0.9391525  0.         0.5323968  0.578764   0.54200137 0.50283486
 0.5602399  0.5990701  0.48595038 0.49848986 0.51791054 0.55611145
 0.48186508 0.5066055  0.5530595  0.5598722  0.44478896 0.76067454]
Train Mean Class IOU:0.5344326496124268
Val Class IOU [0.9195386         nan 0.3137204  0.4321848  0.40242052 0.33746186
 0.4342998  0.48518464 0.32438323 0.26790926 0.38148203 0.43508893
 0.31634733 0.3584736  0.41296035 0.41707972 0.20808414 0.6127982 ]
Val Mean Class IOU:nan
[INFO] EPOCH: 17/100
Train loss: 0.119306, Val loss: 0.2518 Train Acc: 0.916899, Val Acc: 0.8806
Train Class IOU [0.9404233  0.         0.5454301  0.59276694 0.55528545 0.5177508
 0.57161087 0.60860264 0.49823612 0.50650567 0.5285253  0.5663852
 0.49476793 0.52283293 0.56645286 0.57447886 0.4784171  0.76587963]
Train Mean Class IOU:0.5463529229164124
