[INFO] found 63292, examples in the training set...
[INFO] 63292,63292
[INFO] found 7911, examples in the validation set...
[INFO] 7911,7911
Initializing ResNetUNet with 18 classes...
[INFO] training the network...
Train Class IOU [7.9036564e-01 0.0000000e+00 0.0000000e+00 5.6087938e-03 4.7254920e-02
 0.0000000e+00 4.9017026e-04 6.7590870e-02 1.4361761e-04 0.0000000e+00
 5.4891859e-03 7.2018422e-02 1.6787089e-05 7.8825345e-03 9.8364823e-02
 2.3923921e-04 0.0000000e+00 3.1728968e-01]
Train Mean Class IOU:0.0784863755106926
Val Class IOU [8.7934798e-01           nan 0.0000000e+00 2.9967465e-02 1.5257929e-01
 0.0000000e+00 1.9898431e-02 2.3689952e-01 4.7762464e-03 0.0000000e+00
 5.9953000e-02 1.9361725e-01 1.5311223e-04 3.8037516e-02 1.9242620e-01
 0.0000000e+00 0.0000000e+00 4.3316934e-01]
Val Mean Class IOU:nan
[INFO] EPOCH: 1/20
Train loss: 0.646553, Val loss: 0.4667 Train Acc: 0.767617, Val Acc: 0.8082
Train Class IOU [0.8838811  0.         0.         0.17312168 0.1492226  0.12901813
 0.18389723 0.30060542 0.11495157 0.08464456 0.14572863 0.23418504
 0.09483698 0.13788567 0.23795412 0.14664266 0.         0.4606471 ]
Train Mean Class IOU:0.19317902624607086
Val Class IOU [0.89100385        nan 0.         0.257653   0.16463785 0.16882697
 0.28469217 0.33773524 0.19152567 0.12422812 0.21893972 0.29223803
 0.14994462 0.23032899 0.25077397 0.25909388 0.         0.49094072]
Val Mean Class IOU:nan
[INFO] EPOCH: 2/20
Train loss: 0.402707, Val loss: 0.3650 Train Acc: 0.825813, Val Acc: 0.8379
Train Class IOU [0.896391   0.         0.         0.26189703 0.2324819  0.21298791
 0.29032794 0.36868912 0.19425842 0.16522317 0.24972326 0.31807598
 0.19904621 0.22827727 0.2918822  0.25433022 0.         0.5153598 ]
Train Mean Class IOU:0.2599417269229889
Val Class IOU [0.89236826        nan 0.         0.28427434 0.25973657 0.21436207
 0.33463535 0.3748263  0.19509332 0.15167311 0.252856   0.32864395
 0.20301259 0.24380355 0.2867253  0.3107098  0.         0.5015663 ]
Val Mean Class IOU:nan
[INFO] EPOCH: 3/20
Train loss: 0.333753, Val loss: 0.3306 Train Acc: 0.845822, Val Acc: 0.8473
Train Class IOU [9.0247303e-01 0.0000000e+00 0.0000000e+00 3.1355786e-01 2.7245152e-01
 2.4310139e-01 3.2321450e-01 4.0002307e-01 2.2286215e-01 1.9879815e-01
 2.8567317e-01 3.4986910e-01 2.2241490e-01 2.5773683e-01 3.2050988e-01
 2.8727573e-01 3.6152927e-04 5.5489254e-01]
Train Mean Class IOU:0.28640085458755493
Val Class IOU [0.89758205        nan 0.         0.32266814 0.26300517 0.24216533
 0.34150088 0.40092236 0.22093153 0.18292834 0.2851818  0.35109693
 0.21300794 0.2744614  0.27386296 0.3246319  0.         0.52077204]
Val Mean Class IOU:nan
[INFO] EPOCH: 4/20
Train loss: 0.298399, Val loss: 0.3118 Train Acc: 0.855652, Val Acc: 0.8519
Train Class IOU [0.9071183  0.         0.00532815 0.33820933 0.29643118 0.26328763
 0.34298065 0.4187554  0.24410702 0.24254954 0.3083369  0.36869273
 0.23662251 0.276827   0.3383755  0.30895194 0.01675087 0.5904177 ]
Train Mean Class IOU:0.30576348304748535
Val Class IOU [0.9007275         nan 0.01992131 0.33689976 0.28641477 0.2339263
 0.3574532  0.40129864 0.22665803 0.18446647 0.29751098 0.35813767
 0.20659128 0.24710491 0.3464636  0.25262523 0.0204771  0.54811895]
Val Mean Class IOU:nan
[INFO] EPOCH: 5/20
Train loss: 0.273530, Val loss: 0.3015 Train Acc: 0.862897, Val Acc: 0.8561
Train Class IOU [0.91068393 0.         0.08707791 0.3568281  0.31448734 0.28033084
 0.36013228 0.4338376  0.26587838 0.27612874 0.3281385  0.38476986
 0.25071746 0.29267228 0.35407293 0.32809561 0.07195692 0.6172599 ]
Train Mean Class IOU:0.32850381731987
Val Class IOU [0.9022435         nan 0.13628353 0.3446397  0.2950419  0.2462678
 0.34593573 0.41753072 0.23395088 0.19135    0.30487293 0.36272955
 0.19022603 0.2946058  0.32983357 0.32659513 0.06771351 0.552996  ]
Val Mean Class IOU:nan
[INFO] EPOCH: 6/20
Train loss: 0.254095, Val loss: 0.2936 Train Acc: 0.868707, Val Acc: 0.8587
Train Class IOU [0.9139052  0.         0.16880946 0.37332422 0.33029673 0.29481634
 0.37586555 0.44778764 0.28783163 0.30498713 0.34576154 0.3981221
 0.2649274  0.30739415 0.36824593 0.34298944 0.14358746 0.6395169 ]
Train Mean Class IOU:0.35045382380485535
Val Class IOU [0.9053388         nan 0.16707872 0.35294038 0.31193772 0.26611078
 0.3658014  0.4210674  0.2306046  0.21025649 0.30621222 0.3723
 0.23572628 0.28480887 0.3564296  0.2901145  0.07283475 0.5592726 ]
Val Mean Class IOU:nan
[INFO] EPOCH: 7/20
Train loss: 0.237825, Val loss: 0.2866 Train Acc: 0.873828, Val Acc: 0.8607
Train Class IOU [0.9164584  0.         0.21213177 0.3873829  0.34614503 0.30872896
 0.39159793 0.46014762 0.30548328 0.3294287  0.36281884 0.41257635
 0.2799483  0.32097733 0.38320938 0.3604305  0.17700255 0.65681314]
Train Mean Class IOU:0.3672933578491211
Val Class IOU [0.9046793         nan 0.1592165  0.36756676 0.2824991  0.26260796
 0.38283563 0.4200781  0.24928685 0.21747205 0.32497498 0.3697963
 0.21313803 0.29990867 0.35124162 0.31896752 0.10300159 0.5461803 ]
Val Mean Class IOU:nan
[INFO] EPOCH: 8/20
Train loss: 0.223999, Val loss: 0.2862 Train Acc: 0.878174, Val Acc: 0.8611
Train Class IOU [0.9190452  0.         0.24838212 0.40390122 0.3614624  0.32556033
 0.40649566 0.47207028 0.3252265  0.3501432  0.3770516  0.42522112
 0.2947723  0.33392224 0.39634925 0.37531444 0.21477062 0.67204005]
Train Mean Class IOU:0.3834293782711029
Val Class IOU [0.9098502         nan 0.18111823 0.3717478  0.32702014 0.2824593
 0.3934219  0.43488076 0.26854676 0.22404025 0.3314383  0.3822971
 0.25460798 0.31105062 0.34347478 0.3115004  0.16218801 0.5553579 ]
Val Mean Class IOU:nan
[INFO] EPOCH: 9/20
Train loss: 0.211860, Val loss: 0.2807 Train Acc: 0.882304, Val Acc: 0.8626
Train Class IOU [0.92122275 0.         0.27763066 0.41855887 0.37609565 0.33948275
 0.41997784 0.48290482 0.34141514 0.36751762 0.39021128 0.4360316
 0.30840555 0.3485849  0.40890527 0.39173993 0.25799802 0.68389475]
Train Mean Class IOU:0.3983653783798218
Val Class IOU [0.9110317         nan 0.22209497 0.3691624  0.32721063 0.29118952
 0.39858285 0.43216452 0.2561505  0.2150003  0.32858124 0.3881066
 0.25951225 0.31778273 0.34706154 0.3404713  0.14454946 0.57576364]
Val Mean Class IOU:nan
[INFO] EPOCH: 10/20
Train loss: 0.201220, Val loss: 0.2776 Train Acc: 0.885846, Val Acc: 0.8644
Train Class IOU [0.9231891  0.         0.31396672 0.43508917 0.39221665 0.35462832
 0.43509266 0.4954322  0.35864392 0.3833786  0.40503526 0.44915983
 0.32353255 0.361433   0.42295817 0.4064529  0.27921423 0.69442   ]
Train Mean Class IOU:0.4129912853240967
Val Class IOU [0.905191          nan 0.1828985  0.37677416 0.33206582 0.29667342
 0.36721793 0.42737925 0.27094832 0.2269199  0.3283455  0.38451055
 0.24040319 0.31564665 0.35438526 0.36649427 0.1394075  0.5440032 ]
Val Mean Class IOU:nan
[INFO] EPOCH: 11/20
Train loss: 0.191127, Val loss: 0.2827 Train Acc: 0.889353, Val Acc: 0.8642
Train Class IOU [0.92499703 0.         0.33858877 0.45005968 0.40735403 0.3696717
 0.44761318 0.50562906 0.3734084  0.39917272 0.4168193  0.45964018
 0.33972317 0.37424597 0.43470386 0.42280185 0.30251664 0.7039337 ]
Train Mean Class IOU:0.42615997791290283
Val Class IOU [0.91009897        nan 0.24323328 0.3761884  0.33395556 0.29719827
 0.40712196 0.4293853  0.2757108  0.23427212 0.34090692 0.39037502
 0.26382053 0.30744928 0.36170337 0.3643232  0.17181341 0.57561153]
Val Mean Class IOU:nan
[INFO] EPOCH: 12/20
Train loss: 0.182155, Val loss: 0.2749 Train Acc: 0.892517, Val Acc: 0.8671
Train Class IOU [0.926551   0.         0.3598536  0.46459717 0.4224952  0.38389137
 0.46003166 0.51543725 0.3860814  0.4104615  0.42973277 0.4711161
 0.35320756 0.38799658 0.44821915 0.43709514 0.32781884 0.71141535]
Train Mean Class IOU:0.4386667311191559
Val Class IOU [0.9114659         nan 0.20321879 0.39261657 0.34281203 0.28743872
 0.39078784 0.44313553 0.28722325 0.23221631 0.3412562  0.38531393
 0.26404297 0.3015291  0.38473707 0.34645054 0.15078373 0.5783915 ]
Val Mean Class IOU:nan
[INFO] EPOCH: 13/20
Train loss: 0.174090, Val loss: 0.2748 Train Acc: 0.895370, Val Acc: 0.8675
Train Class IOU [0.9280547  0.         0.3917126  0.47982273 0.4373151  0.399711
 0.47072047 0.5248838  0.39893287 0.42300543 0.44099852 0.48107842
 0.3677218  0.40189993 0.4602905  0.4523513  0.3483294  0.71889406]
Train Mean Class IOU:0.4514290392398834
Val Class IOU [0.9136528         nan 0.21544391 0.38748935 0.34219378 0.31341696
 0.40810844 0.44320896 0.28903815 0.24220087 0.3401989  0.40221092
 0.27696568 0.33053526 0.37706822 0.3578077  0.1695871  0.5812504 ]
Val Mean Class IOU:nan
[INFO] EPOCH: 14/20
Train loss: 0.166450, Val loss: 0.2735 Train Acc: 0.898170, Val Acc: 0.8679
Train Class IOU [0.9294252  0.         0.4114837  0.4927071  0.44985035 0.41359895
 0.4839552  0.53513217 0.4120689  0.43280557 0.45197478 0.49132466
 0.38046792 0.41292557 0.47320405 0.4664911  0.36406854 0.725061  ]
Train Mean Class IOU:0.46258580684661865
Val Class IOU [0.9139123         nan 0.23591723 0.35453492 0.36415765 0.3083709
 0.40447915 0.4470934  0.2835242  0.24115099 0.3414212  0.4057297
 0.27966887 0.33112326 0.38542157 0.36785504 0.16044031 0.58493376]
Val Mean Class IOU:nan
[INFO] EPOCH: 15/20
Train loss: 0.159483, Val loss: 0.2752 Train Acc: 0.900697, Val Acc: 0.8684
Train Class IOU [0.93083274 0.         0.4335579  0.50733435 0.46544713 0.42819655
 0.49439844 0.54456496 0.4226039  0.4461135  0.4637095  0.50200206
 0.39633566 0.42850563 0.48524356 0.47820204 0.38727766 0.73159933]
Train Mean Class IOU:0.4747736155986786
Val Class IOU [0.9132645         nan 0.26499566 0.37491328 0.36652923 0.31281525
 0.40914008 0.44819757 0.28751454 0.24256411 0.34966096 0.39334735
 0.2801794  0.3374599  0.3831082  0.3604346  0.15763073 0.58404535]
Val Mean Class IOU:nan
[INFO] EPOCH: 16/20
Train loss: 0.152681, Val loss: 0.2740 Train Acc: 0.903355, Val Acc: 0.8693
Train Class IOU [0.932112   0.         0.44850883 0.51895416 0.47840565 0.441854
 0.50441664 0.55254525 0.43339068 0.4550161  0.47297212 0.5109476
 0.40881705 0.43953452 0.49621135 0.49354205 0.42021683 0.73685455]
Train Mean Class IOU:0.48579439520835876
Val Class IOU [0.9147865         nan 0.26290753 0.39580157 0.36138463 0.3106162
 0.41049677 0.45034692 0.29786235 0.23970604 0.3473507  0.40649635
 0.29290628 0.31925467 0.39801466 0.36169973 0.15014066 0.5863089 ]
Val Mean Class IOU:nan
[INFO] EPOCH: 17/20
Train loss: 0.146778, Val loss: 0.2750 Train Acc: 0.905599, Val Acc: 0.8703
Train Class IOU [0.9332627  0.         0.46352902 0.5303562  0.4917986  0.45426193
 0.514651   0.56033266 0.4434232  0.46434295 0.48169386 0.5185947
 0.42278957 0.45406386 0.5095551  0.5046686  0.41959846 0.74261713]
Train Mean Class IOU:0.4949744641780853
Val Class IOU [0.9149269         nan 0.27901027 0.38458204 0.37062442 0.30251613
 0.40286615 0.45218143 0.30011323 0.24093494 0.35230854 0.40716034
 0.28229097 0.32838717 0.38935408 0.38093454 0.17056306 0.58468515]
Val Mean Class IOU:nan
[INFO] EPOCH: 18/20
Train loss: 0.141212, Val loss: 0.2762 Train Acc: 0.907815, Val Acc: 0.8702
Train Class IOU [0.9343297  0.         0.47842422 0.5441751  0.50509304 0.4664625
 0.5236848  0.5678065  0.45309076 0.4722573  0.49006692 0.5268893
 0.4346396  0.4655578  0.5206838  0.5201317  0.4453153  0.7464927 ]
Train Mean Class IOU:0.5052833557128906
Val Class IOU [0.9145472         nan 0.28181183 0.40143788 0.35483372 0.31472677
 0.41008952 0.457521   0.28202516 0.24438195 0.35488373 0.40438285
 0.28957444 0.34753498 0.3916584  0.37635362 0.1704263  0.5890731 ]
Val Mean Class IOU:nan
[INFO] EPOCH: 19/20
Train loss: 0.135934, Val loss: 0.2785 Train Acc: 0.909829, Val Acc: 0.8713
Train Class IOU [0.93552905 0.         0.49915537 0.55562234 0.5175558  0.47945502
 0.5335647  0.57660115 0.46326146 0.48308057 0.49962744 0.53619784
 0.44767493 0.47757894 0.5312252  0.530997   0.46714765 0.7521517 ]
Train Mean Class IOU:0.5159125924110413
Val Class IOU [0.9145473         nan 0.27408236 0.393266   0.3616382  0.32103676
 0.41519123 0.45021862 0.29972714 0.24302712 0.35275194 0.4072893
 0.30598006 0.34875318 0.38429713 0.3825644  0.18833289 0.5853488 ]
Val Mean Class IOU:nan
[INFO] EPOCH: 20/20
Train loss: 0.130767, Val loss: 0.2800 Train Acc: 0.912030, Val Acc: 0.8721
[INFO] total time taken to train the model: 16096.35s
Best Val Score:0.0
